[20Apr2025 00:02:33.464] [Server thread/WARN] [net.minecraft.network.syncher.SynchedEntityData/]: defineId called for: class net.minecraft.world.entity.player.Player from class tschipp.carryon.common.carry.CarryOnDataManager
[20Apr2025 00:02:33.584] [Server thread/INFO] [net.minecraft.server.players.PlayerList/]: ChantySV[/127.42.49.160:56585] logged in with entity id 1128 at (54.143062208928995, 63.0, 24.363555301507684)
[20Apr2025 00:02:33.720] [Server thread/INFO] [net.minecraft.server.MinecraftServer/]: ChantySV joined the game
[20Apr2025 00:02:34.063] [Server thread/INFO] [com.wuest.prefab.Prefab/]: Sent config to 'ChantySV'.
[20Apr2025 00:02:34.157] [Server thread/INFO] [net.minecraft.server.MinecraftServer/]: ChantySV has reached the goal [Easter]
[20Apr2025 00:02:34.223] [Server thread/INFO] [Jade/]: Syncing config to ChantySV (062b6a07-89e7-316e-b29b-cbf946785e15)
[20Apr2025 00:02:34.492] [Server thread/INFO] [net.minecraft.server.MinecraftServer/]: ChantySV has made the advancement [Ice and Fire]
[20Apr2025 00:02:35.878] [Server thread/INFO] [net.minecraft.server.MinecraftServer/]: ChantySV has made the advancement [Deconstruction]
[20Apr2025 00:02:40.527] [Server thread/WARN] [net.minecraft.server.MinecraftServer/]: Can't keep up! Is the server overloaded? Running 2033ms or 40 ticks behind
[20Apr2025 00:03:19.832] [Server thread/INFO] [net.minecraft.server.MinecraftServer/]: /advancement (grant|revoke)
[20Apr2025 00:03:19.850] [Server thread/INFO] [net.minecraft.server.MinecraftServer/]: /attribute <target> <attribute> (get|base|modifier)
[20Apr2025 00:03:19.850] [Server thread/INFO] [net.minecraft.server.MinecraftServer/]: /execute (run|if|unless|as|at|store|positioned|rotated|facing|align|anchored|in|summon|on)
[20Apr2025 00:03:19.850] [Server thread/INFO] [net.minecraft.server.MinecraftServer/]: /bossbar (add|remove|list|set|get)
[20Apr2025 00:03:19.850] [Server thread/INFO] [net.minecraft.server.MinecraftServer/]: /clear [<targets>]
[20Apr2025 00:03:19.851] [Server thread/INFO] [net.minecraft.server.MinecraftServer/]: /clone (<begin>|from)
[20Apr2025 00:03:19.851] [Server thread/INFO] [net.minecraft.server.MinecraftServer/]: /damage <target> <amount> [<damageType>]
[20Apr2025 00:03:19.851] [Server thread/INFO] [net.minecraft.server.MinecraftServer/]: /data (merge|get|remove|modify)
[20Apr2025 00:03:19.852] [Server thread/INFO] [net.minecraft.server.MinecraftServer/]: /datapack (enable|disable|list)
[20Apr2025 00:03:19.852] [Server thread/INFO] [net.minecraft.server.MinecraftServer/]: /debug (start|stop|function)
[20Apr2025 00:03:19.852] [Server thread/INFO] [net.minecraft.server.MinecraftServer/]: /defaultgamemode <gamemode>
[20Apr2025 00:03:19.852] [Server thread/INFO] [net.minecraft.server.MinecraftServer/]: /difficulty [peaceful|easy|normal|hard]
[20Apr2025 00:03:19.853] [Server thread/INFO] [net.minecraft.server.MinecraftServer/]: /effect (clear|give)
[20Apr2025 00:03:19.853] [Server thread/INFO] [net.minecraft.server.MinecraftServer/]: /me <action>
[20Apr2025 00:03:19.853] [Server thread/INFO] [net.minecraft.server.MinecraftServer/]: /enchant <targets> <enchantment> [<level>]
[20Apr2025 00:03:19.853] [Server thread/INFO] [net.minecraft.server.MinecraftServer/]: /experience (add|set|query)
[20Apr2025 00:03:19.854] [Server thread/INFO] [net.minecraft.server.MinecraftServer/]: /xp -> experience
[20Apr2025 00:03:19.855] [Server thread/INFO] [net.minecraft.server.MinecraftServer/]: /fill <from> <to> <block> [replace|keep|outline|hollow|destroy]
[20Apr2025 00:03:19.855] [Server thread/INFO] [net.minecraft.server.MinecraftServer/]: /fillbiome <from> <to> <biome> [replace]
[20Apr2025 00:03:19.855] [Server thread/INFO] [net.minecraft.server.MinecraftServer/]: /forceload (add|remove|query)
[20Apr2025 00:03:19.855] [Server thread/INFO] [net.minecraft.server.MinecraftServer/]: /function <name>
[20Apr2025 00:03:19.856] [Server thread/INFO] [net.minecraft.server.MinecraftServer/]: /gamemode <gamemode> [<target>]
[20Apr2025 00:03:19.856] [Server thread/INFO] [net.minecraft.server.MinecraftServer/]: /gamerule (announceAdvancements|blockExplosionDropDecay|commandBlockOutput|commandModificationBlockLimit|damageHammerByBlockCount|disableElytraMovementCheck|disableRaids|doDaylightCycle|doEntityDrops|doFireTick|doImmediateRespawn|doInsomnia|doLimitedCrafting|doMobLoot|doMobSpawning|doPatrolSpawning|doTileDrops|doTraderSpawning|doVinesSpread|doWardenSpawning|doWeatherCycle|drowningDamage|easyhammersSneakingMode|fallDamage|fireDamage|forgiveDeadPlayers|freezeDamage|globalSoundEvents|keepInventory|lavaSourceConversion|logAdminCommands|maxCommandChainLength|maxEntityCramming|mobExplosionDropDecay|mobGriefing|naturalRegeneration|playersSleepingPercentage|randomTickSpeed|reducedDebugInfo|sendCommandFeedback|showDeathMessages|snowAccumulationHeight|spawnRadius|spectatorsGenerateChunks|tfEnforcedProgression|tntExplosionDropDecay|universalAnger|waterSourceConversion)
[20Apr2025 00:03:19.856] [Server thread/INFO] [net.minecraft.server.MinecraftServer/]: /give <targets> <item> [<count>]
[20Apr2025 00:03:19.856] [Server thread/INFO] [net.minecraft.server.MinecraftServer/]: /help [<command>]
[20Apr2025 00:03:19.856] [Server thread/INFO] [net.minecraft.server.MinecraftServer/]: /item (replace|modify)
[20Apr2025 00:03:19.857] [Server thread/INFO] [net.minecraft.server.MinecraftServer/]: /kick <targets> [<reason>]
[20Apr2025 00:03:19.857] [Server thread/INFO] [net.minecraft.server.MinecraftServer/]: /kill [<targets>]
[20Apr2025 00:03:19.857] [Server thread/INFO] [net.minecraft.server.MinecraftServer/]: /list [uuids]
[20Apr2025 00:03:19.857] [Server thread/INFO] [net.minecraft.server.MinecraftServer/]: /locate (structure|biome|poi)
[20Apr2025 00:03:19.857] [Server thread/INFO] [net.minecraft.server.MinecraftServer/]: /loot (replace|insert|give|spawn)
[20Apr2025 00:03:19.858] [Server thread/INFO] [net.minecraft.server.MinecraftServer/]: /msg <targets> <message>
[20Apr2025 00:03:19.858] [Server thread/INFO] [net.minecraft.server.MinecraftServer/]: /tell -> msg
[20Apr2025 00:03:19.858] [Server thread/INFO] [net.minecraft.server.MinecraftServer/]: /w -> msg
[20Apr2025 00:03:19.858] [Server thread/INFO] [net.minecraft.server.MinecraftServer/]: /particle <name> [<pos>]
[20Apr2025 00:03:19.858] [Server thread/INFO] [net.minecraft.server.MinecraftServer/]: /place (feature|jigsaw|structure|template)
[20Apr2025 00:03:19.859] [Server thread/INFO] [net.minecraft.server.MinecraftServer/]: /playsound <sound> (master|music|record|weather|block|hostile|neutral|player|ambient|voice)
[20Apr2025 00:03:19.859] [Server thread/INFO] [net.minecraft.server.MinecraftServer/]: /reload
[20Apr2025 00:03:19.859] [Server thread/INFO] [net.minecraft.server.MinecraftServer/]: /recipe (give|take)
[20Apr2025 00:03:19.859] [Server thread/INFO] [net.minecraft.server.MinecraftServer/]: /return <value>
[20Apr2025 00:03:19.859] [Server thread/INFO] [net.minecraft.server.MinecraftServer/]: /ride <target> (mount|dismount)
[20Apr2025 00:03:19.860] [Server thread/INFO] [net.minecraft.server.MinecraftServer/]: /say <message>
[20Apr2025 00:03:19.860] [Server thread/INFO] [net.minecraft.server.MinecraftServer/]: /schedule (function|clear)
[20Apr2025 00:03:19.860] [Server thread/INFO] [net.minecraft.server.MinecraftServer/]: /scoreboard (objectives|players)
[20Apr2025 00:03:19.860] [Server thread/INFO] [net.minecraft.server.MinecraftServer/]: /seed
[20Apr2025 00:03:19.860] [Server thread/INFO] [net.minecraft.server.MinecraftServer/]: /setblock <pos> <block> [destroy|keep|replace]
[20Apr2025 00:03:19.860] [Server thread/INFO] [net.minecraft.server.MinecraftServer/]: /spawnpoint [<targets>]
[20Apr2025 00:03:19.861] [Server thread/INFO] [net.minecraft.server.MinecraftServer/]: /setworldspawn [<pos>]
[20Apr2025 00:03:19.861] [Server thread/INFO] [net.minecraft.server.MinecraftServer/]: /spectate [<target>]
[20Apr2025 00:03:19.861] [Server thread/INFO] [net.minecraft.server.MinecraftServer/]: /spreadplayers <center> <spreadDistance> <maxRange> (<respectTeams>|under)
[20Apr2025 00:03:19.861] [Server thread/INFO] [net.minecraft.server.MinecraftServer/]: /stopsound <targets> [*|master|music|record|weather|block|hostile|neutral|player|ambient|voice]
[20Apr2025 00:03:19.862] [Server thread/INFO] [net.minecraft.server.MinecraftServer/]: /summon <entity> [<pos>]
[20Apr2025 00:03:19.862] [Server thread/INFO] [net.minecraft.server.MinecraftServer/]: /tag <targets> (add|remove|list)
[20Apr2025 00:03:19.862] [Server thread/INFO] [net.minecraft.server.MinecraftServer/]: /team (list|add|remove|empty|join|leave|modify)
[20Apr2025 00:03:19.862] [Server thread/INFO] [net.minecraft.server.MinecraftServer/]: /teammsg <message>
[20Apr2025 00:03:19.862] [Server thread/INFO] [net.minecraft.server.MinecraftServer/]: /tm -> teammsg
[20Apr2025 00:03:19.863] [Server thread/INFO] [net.minecraft.server.MinecraftServer/]: /teleport (<location>|<destination>|<targets>)
[20Apr2025 00:03:19.863] [Server thread/INFO] [net.minecraft.server.MinecraftServer/]: /tp -> teleport
[20Apr2025 00:03:19.863] [Server thread/INFO] [net.minecraft.server.MinecraftServer/]: /tellraw <targets> <message>
[20Apr2025 00:03:19.863] [Server thread/INFO] [net.minecraft.server.MinecraftServer/]: /time (set|add|query)
[20Apr2025 00:03:19.863] [Server thread/INFO] [net.minecraft.server.MinecraftServer/]: /title <targets> (clear|reset|title|subtitle|actionbar|times)
[20Apr2025 00:03:19.864] [Server thread/INFO] [net.minecraft.server.MinecraftServer/]: /trigger <objective> [add|set]
[20Apr2025 00:03:19.864] [Server thread/INFO] [net.minecraft.server.MinecraftServer/]: /weather (clear|rain|thunder)
[20Apr2025 00:03:19.864] [Server thread/INFO] [net.minecraft.server.MinecraftServer/]: /worldborder (add|set|center|damage|get|warning)
[20Apr2025 00:03:19.864] [Server thread/INFO] [net.minecraft.server.MinecraftServer/]: /jfr (start|stop)
[20Apr2025 00:03:19.864] [Server thread/INFO] [net.minecraft.server.MinecraftServer/]: /ban-ip <target> [<reason>]
[20Apr2025 00:03:19.865] [Server thread/INFO] [net.minecraft.server.MinecraftServer/]: /banlist [ips|players]
[20Apr2025 00:03:19.865] [Server thread/INFO] [net.minecraft.server.MinecraftServer/]: /ban <targets> [<reason>]
[20Apr2025 00:03:19.865] [Server thread/INFO] [net.minecraft.server.MinecraftServer/]: /deop <targets>
[20Apr2025 00:03:19.865] [Server thread/INFO] [net.minecraft.server.MinecraftServer/]: /op <targets>
[20Apr2025 00:03:19.865] [Server thread/INFO] [net.minecraft.server.MinecraftServer/]: /pardon <targets>
[20Apr2025 00:03:19.865] [Server thread/INFO] [net.minecraft.server.MinecraftServer/]: /pardon-ip <target>
[20Apr2025 00:03:19.866] [Server thread/INFO] [net.minecraft.server.MinecraftServer/]: /perf (start|stop)
[20Apr2025 00:03:19.866] [Server thread/INFO] [net.minecraft.server.MinecraftServer/]: /save-all [flush]
[20Apr2025 00:03:19.866] [Server thread/INFO] [net.minecraft.server.MinecraftServer/]: /save-off
[20Apr2025 00:03:19.866] [Server thread/INFO] [net.minecraft.server.MinecraftServer/]: /save-on
[20Apr2025 00:03:19.866] [Server thread/INFO] [net.minecraft.server.MinecraftServer/]: /setidletimeout <minutes>
[20Apr2025 00:03:19.866] [Server thread/INFO] [net.minecraft.server.MinecraftServer/]: /stop
[20Apr2025 00:03:19.867] [Server thread/INFO] [net.minecraft.server.MinecraftServer/]: /whitelist (on|off|list|add|remove|reload)
[20Apr2025 00:03:19.867] [Server thread/INFO] [net.minecraft.server.MinecraftServer/]: /bookshelf (font|hand)
[20Apr2025 00:03:19.867] [Server thread/INFO] [net.minecraft.server.MinecraftServer/]: /aether (time|eternal_day|player|sun_altar_whitelist)
[20Apr2025 00:03:19.867] [Server thread/INFO] [net.minecraft.server.MinecraftServer/]: /sbp (list|give|removeNonPlayer)
[20Apr2025 00:03:19.867] [Server thread/INFO] [net.minecraft.server.MinecraftServer/]: /sophisticatedbackpacks -> sbp
[20Apr2025 00:03:19.867] [Server thread/INFO] [net.minecraft.server.MinecraftServer/]: /twilightforest [center|conquer|genbook|info|biomepng|shield]
[20Apr2025 00:03:19.868] [Server thread/INFO] [net.minecraft.server.MinecraftServer/]: /tf -> twilightforest
[20Apr2025 00:03:19.868] [Server thread/INFO] [net.minecraft.server.MinecraftServer/]: /tffeature -> twilightforest
[20Apr2025 00:03:19.868] [Server thread/INFO] [net.minecraft.server.MinecraftServer/]: /carryon (debug|clear|place)
[20Apr2025 00:03:19.868] [Server thread/INFO] [net.minecraft.server.MinecraftServer/]: /torchmaster [torchdump|entitydump]
[20Apr2025 00:03:19.868] [Server thread/INFO] [net.minecraft.server.MinecraftServer/]: /structure_gel (savestructures|getspawns|getstructures|getbiomes|viewbounds|building_tool|distance)
[20Apr2025 00:03:19.869] [Server thread/INFO] [net.minecraft.server.MinecraftServer/]: /curios (list|replace|set|add|remove|clear|drop|reset)
[20Apr2025 00:03:19.869] [Server thread/INFO] [net.minecraft.server.MinecraftServer/]: /pregen (start|retrogen|info|taskList|pause|resume|continue|stop|clear|processors|utils)
[20Apr2025 00:03:19.869] [Server thread/INFO] [net.minecraft.server.MinecraftServer/]: /tbacceptteleport [<target>]
[20Apr2025 00:03:19.869] [Server thread/INFO] [net.minecraft.server.MinecraftServer/]: /tbgui
[20Apr2025 00:03:19.869] [Server thread/INFO] [net.minecraft.server.MinecraftServer/]: /tbknowledge [<player>]
[20Apr2025 00:03:19.869] [Server thread/INFO] [net.minecraft.server.MinecraftServer/]: /tbalignment [<player>]
[20Apr2025 00:03:19.870] [Server thread/INFO] [net.minecraft.server.MinecraftServer/]: /tbrecovery [save_all_players|save_player|load_player]
[20Apr2025 00:03:19.870] [Server thread/INFO] [net.minecraft.server.MinecraftServer/]: /tbrequestteleport [<target>]
[20Apr2025 00:03:19.870] [Server thread/INFO] [net.minecraft.server.MinecraftServer/]: /tbrestoreinventory [<player>]
[20Apr2025 00:03:19.870] [Server thread/INFO] [net.minecraft.server.MinecraftServer/]: /tbrevivefamiliar [<player>]
[20Apr2025 00:03:19.870] [Server thread/INFO] [net.minecraft.server.MinecraftServer/]: /tbshowlastgrave [<player>]
[20Apr2025 00:03:19.870] [Server thread/INFO] [net.minecraft.server.MinecraftServer/]: /tbsiege [start|stop]
[20Apr2025 00:03:19.870] [Server thread/INFO] [net.minecraft.server.MinecraftServer/]: /tbteleport [pos|player|grave|death|home|discovery|biome]
[20Apr2025 00:03:19.871] [Server thread/INFO] [net.minecraft.server.MinecraftServer/]: /spartanweaponry (applyOil|applyPotionOil|clearOil)
[20Apr2025 00:03:19.871] [Server thread/INFO] [net.minecraft.server.MinecraftServer/]: /sw -> spartanweaponry
[20Apr2025 00:03:19.871] [Server thread/INFO] [net.minecraft.server.MinecraftServer/]: /fallingtree toggle
[20Apr2025 00:03:19.871] [Server thread/INFO] [net.minecraft.server.MinecraftServer/]: /forge (tps|track|entity|generate|dimensions|mods|tags)
[20Apr2025 00:03:19.872] [Server thread/INFO] [net.minecraft.server.MinecraftServer/]: /config showfile <mod> <type>
[20Apr2025 00:03:19.872] [Server thread/INFO] [net.minecraft.server.MinecraftServer/]: /jade (show|hide)
[20Apr2025 00:03:19.872] [Server thread/INFO] [net.minecraft.server.MinecraftServer/]: /corgilib
[20Apr2025 00:03:19.872] [Server thread/INFO] [net.minecraft.server.MinecraftServer/]: /biomeswevegone reload spawn
[20Apr2025 00:03:19.872] [Server thread/INFO] [net.minecraft.server.MinecraftServer/]: /open-patchouli-book <targets> <book> [<entry>]
[20Apr2025 00:03:19.873] [Server thread/INFO] [net.minecraft.server.MinecraftServer/]: /cucumber fillenergy (block|hand)
[20Apr2025 00:03:19.873] [Server thread/INFO] [net.minecraft.server.MinecraftServer/]: /waypoint (create|delete)
[20Apr2025 00:03:19.873] [Server thread/INFO] [net.minecraft.server.MinecraftServer/]: /wp -> waypoint
[20Apr2025 00:03:19.873] [Server thread/INFO] [net.minecraft.server.MinecraftServer/]: /clearcosarmor [<targets>]
[20Apr2025 00:03:19.873] [Server thread/INFO] [net.minecraft.server.MinecraftServer/]: /coshat
[20Apr2025 00:03:19.874] [Server thread/INFO] [net.minecraft.server.MinecraftServer/]: /cyclopscore (config|version|ignite|debug|reloadresources|dumpregistries|infobooktest)
[20Apr2025 00:03:39.890] [Server thread/INFO] [net.minecraft.server.MinecraftServer/]: Made ChantySV a server operator
[20Apr2025 00:04:45.211] [Server thread/INFO] [net.minecraft.server.MinecraftServer/]: ChantySV has completed the challenge [Free Willy]
[20Apr2025 00:05:55.867] [Server thread/INFO] [net.minecraft.server.network.ServerGamePacketListenerImpl/]: ChantySV lost connection: Disconnected
[20Apr2025 00:05:55.868] [Server thread/INFO] [net.minecraft.server.MinecraftServer/]: ChantySV left the game
[20Apr2025 00:11:01.627] [Server thread/INFO] [net.minecraft.server.players.PlayerList/]: Vincent[/127.134.38.228:35549] logged in with entity id 1865 at (-0.5, 64.0, 30.5)
[20Apr2025 00:11:01.656] [Server thread/INFO] [net.minecraft.server.MinecraftServer/]: Vincent joined the game
[20Apr2025 00:11:01.733] [Server thread/INFO] [com.wuest.prefab.Prefab/]: Sent config to 'Vincent'.
[20Apr2025 00:11:01.744] [Server thread/INFO] [net.minecraft.server.MinecraftServer/]: Vincent has reached the goal [Easter]
[20Apr2025 00:11:01.750] [Server thread/INFO] [Jade/]: Syncing config to Vincent (d5b36370-e586-31c5-920c-940cdd0f7507)
[20Apr2025 00:11:01.795] [Server thread/INFO] [net.minecraft.server.MinecraftServer/]: Vincent has made the advancement [Ice and Fire]
[20Apr2025 00:11:02.627] [Server thread/INFO] [net.minecraft.server.MinecraftServer/]: Vincent has made the advancement [Deconstruction]
[20Apr2025 00:11:14.485] [Server thread/INFO] [net.minecraft.server.players.PlayerList/]: PablitZ[/127.26.0.158:42563] logged in with entity id 1924 at (-0.5, 64.0, 33.5)
[20Apr2025 00:11:14.502] [Server thread/INFO] [net.minecraft.server.MinecraftServer/]: PablitZ joined the game
[20Apr2025 00:11:14.571] [Server thread/INFO] [com.wuest.prefab.Prefab/]: Sent config to 'PablitZ'.
[20Apr2025 00:11:14.575] [Server thread/INFO] [net.minecraft.server.MinecraftServer/]: PablitZ has reached the goal [Easter]
[20Apr2025 00:11:14.581] [Server thread/INFO] [Jade/]: Syncing config to PablitZ (1a717d30-057a-3a86-b7e3-ad1ed311e9e7)
[20Apr2025 00:11:14.642] [Server thread/INFO] [net.minecraft.server.MinecraftServer/]: PablitZ has made the advancement [Ice and Fire]
[20Apr2025 00:11:15.477] [Server thread/INFO] [net.minecraft.server.MinecraftServer/]: PablitZ has made the advancement [Deconstruction]
[20Apr2025 00:11:21.410] [Server thread/INFO] [net.minecraft.server.MinecraftServer/]: Vincent has made the advancement [Monster Hunter]
[20Apr2025 00:11:44.515] [Server thread/INFO] [net.minecraft.server.network.ServerGamePacketListenerImpl/]: PablitZ lost connection: Timed out
[20Apr2025 00:11:44.516] [Server thread/INFO] [net.minecraft.server.MinecraftServer/]: PablitZ left the game
[20Apr2025 00:11:44.562] [Server thread/WARN] [net.minecraft.network.Connection/]: handleDisconnection() called twice
[20Apr2025 00:11:47.665] [Server thread/INFO] [net.minecraft.server.MinecraftServer/]: Expected whitespace to end one argument, but found trailing data
[20Apr2025 00:11:47.666] [Server thread/INFO] [net.minecraft.server.MinecraftServer/]: kill @all<--[HERE]
[20Apr2025 00:11:53.435] [Server thread/INFO] [net.minecraft.server.MinecraftServer/]: Vincent was killed
[20Apr2025 00:11:53.464] [Server thread/INFO] [net.minecraft.server.MinecraftServer/]: Vincent has made the advancement [Your First Grave]
[20Apr2025 00:11:53.466] [Server thread/INFO] [net.minecraft.server.MinecraftServer/]: Killed Vincent
[20Apr2025 00:11:53.467] [Server thread/INFO] [tombstone/]: The player Vincent has successfully been saved
[20Apr2025 00:12:59.901] [Server thread/INFO] [net.minecraft.server.players.PlayerList/]: PablitZ[/127.26.0.158:34435] logged in with entity id 2250 at (-0.5, 64.0, 33.5)
[20Apr2025 00:12:59.922] [Server thread/INFO] [net.minecraft.server.MinecraftServer/]: PablitZ joined the game
[20Apr2025 00:12:59.996] [Server thread/INFO] [com.wuest.prefab.Prefab/]: Sent config to 'PablitZ'.
[20Apr2025 00:13:00.000] [Server thread/INFO] [Jade/]: Syncing config to PablitZ (1a717d30-057a-3a86-b7e3-ad1ed311e9e7)
[20Apr2025 00:13:23.868] [Server thread/INFO] [net.minecraft.server.MinecraftServer/]: PablitZ has reached the goal [Discreet Search]
[20Apr2025 00:13:49.737] [Server thread/WARN] [net.minecraft.server.level.ServerPlayerGameMode/]: Mismatch in destroy block pos: BlockPos{x=0, y=0, z=0} BlockPos{x=4, y=65, z=43}
[20Apr2025 00:14:00.216] [Server thread/WARN] [net.minecraft.server.level.ServerPlayerGameMode/]: Mismatch in destroy block pos: BlockPos{x=4, y=65, z=42} BlockPos{x=-1, y=68, z=48}
[20Apr2025 00:14:00.312] [Server thread/WARN] [net.minecraft.server.level.ServerPlayerGameMode/]: Mismatch in destroy block pos: BlockPos{x=4, y=65, z=42} BlockPos{x=-2, y=68, z=48}
[20Apr2025 00:14:11.479] [Server thread/WARN] [net.minecraft.server.level.ServerPlayerGameMode/]: Mismatch in destroy block pos: BlockPos{x=-6, y=69, z=52} BlockPos{x=-4, y=67, z=44}
[20Apr2025 00:14:16.067] [Server thread/WARN] [net.minecraft.server.level.ServerPlayerGameMode/]: Mismatch in destroy block pos: BlockPos{x=-6, y=69, z=52} BlockPos{x=-4, y=67, z=44}
[20Apr2025 00:14:16.318] [Server thread/WARN] [net.minecraft.server.level.ServerPlayerGameMode/]: Mismatch in destroy block pos: BlockPos{x=-6, y=69, z=52} BlockPos{x=-3, y=67, z=44}
[20Apr2025 00:14:18.025] [Server thread/WARN] [net.minecraft.server.level.ServerPlayerGameMode/]: Mismatch in destroy block pos: BlockPos{x=-6, y=69, z=52} BlockPos{x=-4, y=67, z=44}
[20Apr2025 00:14:19.129] [Server thread/WARN] [net.minecraft.server.level.ServerPlayerGameMode/]: Mismatch in destroy block pos: BlockPos{x=-6, y=69, z=52} BlockPos{x=-4, y=67, z=44}
[20Apr2025 00:14:20.398] [Server thread/WARN] [net.minecraft.server.level.ServerPlayerGameMode/]: Mismatch in destroy block pos: BlockPos{x=-6, y=69, z=52} BlockPos{x=-4, y=67, z=44}
[20Apr2025 00:14:21.616] [Server thread/WARN] [net.minecraft.server.level.ServerPlayerGameMode/]: Mismatch in destroy block pos: BlockPos{x=-6, y=69, z=52} BlockPos{x=-4, y=67, z=44}
[20Apr2025 00:14:22.910] [Server thread/WARN] [net.minecraft.server.level.ServerPlayerGameMode/]: Mismatch in destroy block pos: BlockPos{x=-6, y=69, z=52} BlockPos{x=-4, y=67, z=44}
[20Apr2025 00:14:42.033] [Server thread/WARN] [net.minecraft.server.level.ServerPlayerGameMode/]: Mismatch in destroy block pos: BlockPos{x=-9, y=64, z=14} BlockPos{x=-8, y=64, z=17}
[20Apr2025 00:14:42.165] [Server thread/WARN] [net.minecraft.server.level.ServerPlayerGameMode/]: Mismatch in destroy block pos: BlockPos{x=-9, y=64, z=14} BlockPos{x=-9, y=64, z=17}
[20Apr2025 00:14:42.377] [Server thread/WARN] [net.minecraft.server.level.ServerPlayerGameMode/]: Mismatch in destroy block pos: BlockPos{x=-9, y=64, z=14} BlockPos{x=-10, y=64, z=16}
[20Apr2025 00:14:44.165] [Server thread/WARN] [net.minecraft.server.level.ServerPlayerGameMode/]: Mismatch in destroy block pos: BlockPos{x=-9, y=64, z=14} BlockPos{x=-10, y=64, z=19}
[20Apr2025 00:14:44.235] [Server thread/WARN] [net.minecraft.server.level.ServerPlayerGameMode/]: Mismatch in destroy block pos: BlockPos{x=-9, y=64, z=14} BlockPos{x=-11, y=64, z=19}
[20Apr2025 00:14:45.169] [Server thread/WARN] [net.minecraft.server.level.ServerPlayerGameMode/]: Mismatch in destroy block pos: BlockPos{x=-9, y=64, z=14} BlockPos{x=-9, y=64, z=22}
[20Apr2025 00:14:45.170] [Server thread/WARN] [net.minecraft.server.level.ServerPlayerGameMode/]: Mismatch in destroy block pos: BlockPos{x=-9, y=64, z=14} BlockPos{x=-10, y=64, z=22}
[20Apr2025 00:14:45.958] [Server thread/WARN] [net.minecraft.server.level.ServerPlayerGameMode/]: Mismatch in destroy block pos: BlockPos{x=-9, y=64, z=14} BlockPos{x=-10, y=64, z=21}
[20Apr2025 00:14:45.959] [Server thread/WARN] [net.minecraft.server.level.ServerPlayerGameMode/]: Mismatch in destroy block pos: BlockPos{x=-9, y=64, z=14} BlockPos{x=-10, y=64, z=20}
[20Apr2025 00:14:46.165] [Server thread/WARN] [net.minecraft.server.level.ServerPlayerGameMode/]: Mismatch in destroy block pos: BlockPos{x=-9, y=64, z=14} BlockPos{x=-10, y=64, z=22}
[20Apr2025 00:14:46.617] [Server thread/WARN] [net.minecraft.server.level.ServerPlayerGameMode/]: Mismatch in destroy block pos: BlockPos{x=-9, y=64, z=14} BlockPos{x=-9, y=64, z=23}
[20Apr2025 00:14:46.721] [Server thread/INFO] [net.minecraft.server.MinecraftServer/]: PablitZ has made the advancement [Monster Hunter]
[20Apr2025 00:14:47.228] [Server thread/WARN] [net.minecraft.server.level.ServerPlayerGameMode/]: Mismatch in destroy block pos: BlockPos{x=-9, y=64, z=14} BlockPos{x=-8, y=64, z=24}
[20Apr2025 00:14:47.416] [Server thread/WARN] [net.minecraft.server.level.ServerPlayerGameMode/]: Mismatch in destroy block pos: BlockPos{x=-9, y=64, z=14} BlockPos{x=-8, y=64, z=25}
[20Apr2025 00:14:47.611] [Server thread/WARN] [net.minecraft.server.level.ServerPlayerGameMode/]: Mismatch in destroy block pos: BlockPos{x=-9, y=64, z=14} BlockPos{x=-8, y=64, z=26}
[20Apr2025 00:15:09.283] [Server thread/WARN] [net.minecraft.server.level.ServerPlayerGameMode/]: Mismatch in destroy block pos: BlockPos{x=11, y=66, z=3} BlockPos{x=8, y=64, z=18}
[20Apr2025 00:15:09.284] [Server thread/WARN] [net.minecraft.server.level.ServerPlayerGameMode/]: Mismatch in destroy block pos: BlockPos{x=11, y=66, z=3} BlockPos{x=8, y=65, z=18}
[20Apr2025 00:16:06.038] [Server thread/INFO] [net.minecraft.server.MinecraftServer/]: [Not Secure] <Vincent> discord
[20Apr2025 00:16:24.922] [Server thread/INFO] [net.minecraft.server.MinecraftServer/]: [Not Secure] <PablitZ> tertulias?
[20Apr2025 00:16:28.686] [Server thread/INFO] [net.minecraft.server.MinecraftServer/]: [Not Secure] <Vincent> see
[20Apr2025 00:23:34.628] [Server thread/WARN] [net.minecraft.server.network.ServerGamePacketListenerImpl/]: PablitZ moved too quickly! -4.513533495639308,-3.249187078744683,-8.778454934736942
[20Apr2025 00:23:55.368] [Server thread/INFO] [net.minecraft.server.MinecraftServer/]: Vincent was slain by Zombie
[20Apr2025 00:23:55.389] [Server thread/INFO] [tombstone/]: The player Vincent has successfully been saved
[20Apr2025 00:24:03.674] [Server thread/INFO] [net.minecraft.server.MinecraftServer/]: PablitZ was slain by Zombie
[20Apr2025 00:24:03.680] [Server thread/INFO] [net.minecraft.server.MinecraftServer/]: PablitZ has made the advancement [Your First Grave]
[20Apr2025 00:24:03.701] [Server thread/INFO] [tombstone/]: The player PablitZ has successfully been saved
[20Apr2025 00:24:22.124] [Server thread/INFO] [net.minecraft.server.MinecraftServer/]: PablitZ has made the advancement [Knowledge of Death]
[20Apr2025 00:24:22.126] [Server thread/INFO] [net.minecraft.server.MinecraftServer/]: PablitZ has reached the goal [Here They Come]
[20Apr2025 00:25:56.336] [Server thread/INFO] [net.minecraft.server.MinecraftServer/]: Vincent was shot by Dread Lich
[20Apr2025 00:25:56.443] [Server thread/INFO] [tombstone/]: The player Vincent has successfully been saved
[20Apr2025 00:26:07.154] [Server thread/WARN] [net.minecraft.server.MinecraftServer/]: Can't keep up! Is the server overloaded? Running 2111ms or 42 ticks behind
[20Apr2025 00:26:26.290] [Server thread/WARN] [net.minecraft.server.MinecraftServer/]: Can't keep up! Is the server overloaded? Running 4147ms or 82 ticks behind
[20Apr2025 00:27:05.445] [Server thread/WARN] [net.minecraft.server.MinecraftServer/]: Can't keep up! Is the server overloaded? Running 2002ms or 40 ticks behind
[20Apr2025 00:27:25.126] [Server thread/INFO] [net.minecraft.server.MinecraftServer/]: PablitZ drowned
[20Apr2025 00:27:25.135] [Server thread/INFO] [tombstone/]: The player PablitZ has successfully been saved
[20Apr2025 00:27:52.467] [Server thread/INFO] [net.minecraft.server.MinecraftServer/]: Vincent was slain by Dread Beast
[20Apr2025 00:27:52.491] [Server thread/INFO] [tombstone/]: The player Vincent has successfully been saved
[20Apr2025 00:28:13.501] [Server thread/WARN] [net.minecraft.world.level.entity.PersistentEntitySectionManager/]: UUID of added entity already exists: Drowned['Drowned'/9227, l='ServerLevel[world]', x=217.50, y=56.00, z=178.50]
[20Apr2025 00:31:39.428] [Server thread/WARN] [net.minecraft.server.MinecraftServer/]: Can't keep up! Is the server overloaded? Running 2185ms or 43 ticks behind
[20Apr2025 00:31:56.716] [Server thread/WARN] [net.minecraft.server.MinecraftServer/]: Can't keep up! Is the server overloaded? Running 2323ms or 46 ticks behind
[20Apr2025 00:34:30.565] [Server thread/WARN] [net.minecraft.server.MinecraftServer/]: Can't keep up! Is the server overloaded? Running 3472ms or 69 ticks behind
[20Apr2025 00:36:25.451] [Server thread/INFO] [net.minecraft.server.MinecraftServer/]: PablitZ was slain by Sea Serpent
[20Apr2025 00:36:25.472] [Server thread/INFO] [tombstone/]: The player PablitZ has successfully been saved
[20Apr2025 00:36:44.400] [Server thread/INFO] [net.minecraft.server.MinecraftServer/]: Vincent was slain by Sea Serpent
[20Apr2025 00:36:44.427] [Server thread/INFO] [tombstone/]: The player Vincent has successfully been saved
[20Apr2025 00:37:13.218] [Server thread/INFO] [net.minecraft.server.network.ServerGamePacketListenerImpl/]: PablitZ lost connection: Disconnected
[20Apr2025 00:37:13.218] [Server thread/INFO] [net.minecraft.server.MinecraftServer/]: PablitZ left the game
[20Apr2025 00:37:15.874] [Server thread/INFO] [net.minecraft.server.network.ServerGamePacketListenerImpl/]: Vincent lost connection: Disconnected
[20Apr2025 00:37:15.875] [Server thread/INFO] [net.minecraft.server.MinecraftServer/]: Vincent left the game
